{"uid":"4b4757e66a1912dae1a509f688f20b0f","name":"categories","children":[{"name":"Product defects","children":[{"name":"Multiple Failures (1 failure)\n\tcom.codeborne.selenide.ex.ElementNotFound: Element not found {by text: Неверный формат}\nExpected: exist\nScreenshot: file:/Users/levvolkov/Downloads/tour-pay-gateway-tests/build/reports/tests/1743798650457.0.png\nPage source: file:/Users/levvolkov/Downloads/tour-pay-gateway-tests/build/reports/tests/1743798650457.0.html\nTimeout: 4 s.\nCaused by: NoSuchElementException: no such element: Unable to locate element: {\"method\":\"xpath\",\"selector\":\".//*/text()[normalize-space(translate(string(.), '","children":[{"name":"Система должна отклонять цифры в поле владельца","uid":"4abf72baf8c73b2b","parentUid":"5b800b03ab8c0df89e2d3b0bdf3b9017","status":"failed","time":{"start":1743798645821,"stop":1743798650882,"duration":5061},"flaky":false,"newFailed":false,"newPassed":false,"newBroken":false,"retriesCount":0,"retriesStatusChange":false,"parameters":[],"tags":[]}],"uid":"5b800b03ab8c0df89e2d3b0bdf3b9017"},{"name":"Multiple Failures (1 failure)\n\tcom.codeborne.selenide.ex.ElementShould: Element should be visible (because Должно отображаться уведомление об ошибке) {.notification_status_error}\nElement: '<div class=\"notification notification_status_error notification_has-closer notification_stick-to_right notification_theme_alfa-on-white\" displayed:false></div>'\nActual value: hidden\nScreenshot: file:/Users/levvolkov/Downloads/tour-pay-gateway-tests/build/reports/tests/1743798666558.1.png\nPage source: file:/Users/levvolkov/Downloads/tour-pay-gateway-tests/build/reports/tests/1743798666558.1.html\nTimeout: 15 s.","children":[{"name":"Система должна отклонять кредит DECLINED-картой","uid":"fde62412b16e45e","parentUid":"e892978d65992d1404524aafe28c19da","status":"failed","time":{"start":1743798650896,"stop":1743798666929,"duration":16033},"flaky":false,"newFailed":false,"newPassed":false,"newBroken":false,"retriesCount":0,"retriesStatusChange":false,"parameters":[],"tags":[]}],"uid":"e892978d65992d1404524aafe28c19da"},{"name":"Multiple Failures (1 failure)\n\tcom.codeborne.selenide.ex.ElementNotFound: Element not found {by text: Неверный формат}\nExpected: exist\nScreenshot: file:/Users/levvolkov/Downloads/tour-pay-gateway-tests/build/reports/tests/1743798671564.2.png\nPage source: file:/Users/levvolkov/Downloads/tour-pay-gateway-tests/build/reports/tests/1743798671564.2.html\nTimeout: 4 s.\nCaused by: NoSuchElementException: no such element: Unable to locate element: {\"method\":\"xpath\",\"selector\":\".//*/text()[normalize-space(translate(string(.), '","children":[{"name":"Система должна отклонять кириллицу в поле владельца","uid":"70c40fc3e7bd7800","parentUid":"f3dff12a5eaeb4bcab58eee4cecc4c3b","status":"failed","time":{"start":1743798666934,"stop":1743798671945,"duration":5011},"flaky":false,"newFailed":false,"newPassed":false,"newBroken":false,"retriesCount":0,"retriesStatusChange":false,"parameters":[],"tags":[]}],"uid":"f3dff12a5eaeb4bcab58eee4cecc4c3b"},{"name":"Multiple Failures (2 failures)\n\tcom.codeborne.selenide.ex.ElementNotFound: Element not found {by text: Неверный формат}\nExpected: exist\nScreenshot: file:/Users/levvolkov/Downloads/tour-pay-gateway-tests/build/reports/tests/1743798683615.3.png\nPage source: file:/Users/levvolkov/Downloads/tour-pay-gateway-tests/build/reports/tests/1743798683615.3.html\nTimeout: 4 s.\nCaused by: NoSuchElementException: no such element: Unable to locate element: {\"method\":\"xpath\",\"selector\":\".//*/text()[normalize-space(translate(string(.), '\n\torg.opentest4j.AssertionFailedError: expected: <0> but was: <1>","children":[{"name":"Система должна требовать фамилию владельца","uid":"93bbb3d13bd38901","parentUid":"cd284660af101129550ec2482b9716c9","status":"failed","time":{"start":1743798679002,"stop":1743798683997,"duration":4995},"flaky":false,"newFailed":false,"newPassed":false,"newBroken":false,"retriesCount":0,"retriesStatusChange":false,"parameters":[],"tags":[]}],"uid":"cd284660af101129550ec2482b9716c9"},{"name":"Multiple Failures (1 failure)\n\tcom.codeborne.selenide.ex.ElementNotFound: Element not found {by text: Неверно указан срок действия карты}\nExpected: visible\nScreenshot: file:/Users/levvolkov/Downloads/tour-pay-gateway-tests/build/reports/tests/1743798689093.4.png\nPage source: file:/Users/levvolkov/Downloads/tour-pay-gateway-tests/build/reports/tests/1743798689093.4.html\nTimeout: 4 s.\nCaused by: NoSuchElementException: no such element: Unable to locate element: {\"method\":\"xpath\",\"selector\":\".//*/text()[normalize-space(translate(string(.), '","children":[{"name":"Система должна отклонять кредит с некорректным месяцем (00)","uid":"4f9fd3fc5c817c8d","parentUid":"c6fa9f7dff8fddadb32b7fd04114ee3b","status":"failed","time":{"start":1743798684505,"stop":1743798689475,"duration":4970},"flaky":false,"newFailed":false,"newPassed":false,"newBroken":false,"retriesCount":0,"retriesStatusChange":false,"parameters":[],"tags":[]}],"uid":"c6fa9f7dff8fddadb32b7fd04114ee3b"},{"name":"Multiple Failures (2 failures)\n\tcom.codeborne.selenide.ex.ElementNotFound: Element not found {by text: Неверный формат}\nExpected: exist\nScreenshot: file:/Users/levvolkov/Downloads/tour-pay-gateway-tests/build/reports/tests/1743798694096.5.png\nPage source: file:/Users/levvolkov/Downloads/tour-pay-gateway-tests/build/reports/tests/1743798694096.5.html\nTimeout: 4 s.\nCaused by: NoSuchElementException: no such element: Unable to locate element: {\"method\":\"xpath\",\"selector\":\".//*/text()[normalize-space(translate(string(.), '\n\torg.opentest4j.AssertionFailedError: expected: <0> but was: <1>","children":[{"name":"Система должна отклонять слишком длинное имя владельца (>50 символов)","uid":"af836d8033adef36","parentUid":"60561353154d26a10658026c5bae01e5","status":"failed","time":{"start":1743798689482,"stop":1743798694471,"duration":4989},"flaky":false,"newFailed":false,"newPassed":false,"newBroken":false,"retriesCount":0,"retriesStatusChange":false,"parameters":[],"tags":[]}],"uid":"60561353154d26a10658026c5bae01e5"},{"name":"Multiple Failures (1 failure)\n\tcom.codeborne.selenide.ex.ElementNotFound: Element not found {by text: Неверный формат}\nExpected: exist\nScreenshot: file:/Users/levvolkov/Downloads/tour-pay-gateway-tests/build/reports/tests/1743798698997.6.png\nPage source: file:/Users/levvolkov/Downloads/tour-pay-gateway-tests/build/reports/tests/1743798698997.6.html\nTimeout: 4 s.\nCaused by: NoSuchElementException: no such element: Unable to locate element: {\"method\":\"xpath\",\"selector\":\".//*/text()[normalize-space(translate(string(.), '","children":[{"name":"Система должна отклонять спецсимволы в поле владельца","uid":"c18c899fe6d7893e","parentUid":"4623bc03db78a53863cb69baf53c3237","status":"failed","time":{"start":1743798694478,"stop":1743798699373,"duration":4895},"flaky":false,"newFailed":false,"newPassed":false,"newBroken":false,"retriesCount":0,"retriesStatusChange":false,"parameters":[],"tags":[]}],"uid":"4623bc03db78a53863cb69baf53c3237"},{"name":"Multiple Failures (2 failures)\n\tcom.codeborne.selenide.ex.ElementNotFound: Element not found {by text: Неверный формат}\nExpected: exist\nScreenshot: file:/Users/levvolkov/Downloads/tour-pay-gateway-tests/build/reports/tests/1743798706953.7.png\nPage source: file:/Users/levvolkov/Downloads/tour-pay-gateway-tests/build/reports/tests/1743798706953.7.html\nTimeout: 4 s.\nCaused by: NoSuchElementException: no such element: Unable to locate element: {\"method\":\"xpath\",\"selector\":\".//*/text()[normalize-space(translate(string(.), '\n\torg.opentest4j.AssertionFailedError: expected: <0> but was: <1>","children":[{"name":"Система должна требовать указания фамилии владельца","uid":"9abf1a0404d42304","parentUid":"54642f8ae452a5e99fc1b8baa04623aa","status":"failed","time":{"start":1743798702356,"stop":1743798707292,"duration":4936},"flaky":false,"newFailed":false,"newPassed":false,"newBroken":false,"retriesCount":0,"retriesStatusChange":false,"parameters":[],"tags":[]}],"uid":"54642f8ae452a5e99fc1b8baa04623aa"},{"name":"Multiple Failures (1 failure)\n\tcom.codeborne.selenide.ex.ElementNotFound: Element not found {by text: Неверно указан срок действия карты}\nExpected: visible\nScreenshot: file:/Users/levvolkov/Downloads/tour-pay-gateway-tests/build/reports/tests/1743798712364.8.png\nPage source: file:/Users/levvolkov/Downloads/tour-pay-gateway-tests/build/reports/tests/1743798712364.8.html\nTimeout: 4 s.\nCaused by: NoSuchElementException: no such element: Unable to locate element: {\"method\":\"xpath\",\"selector\":\".//*/text()[normalize-space(translate(string(.), '","children":[{"name":"Система должна отклонять некорректный месяц (00)","uid":"4236b15fc3a8fade","parentUid":"4b8b63254a4500760577a94dc329e6ae","status":"failed","time":{"start":1743798707785,"stop":1743798712738,"duration":4953},"flaky":false,"newFailed":false,"newPassed":false,"newBroken":false,"retriesCount":0,"retriesStatusChange":false,"parameters":[],"tags":[]}],"uid":"4b8b63254a4500760577a94dc329e6ae"},{"name":"Multiple Failures (1 failure)\n\tcom.codeborne.selenide.ex.ElementNotFound: Element not found {by text: Неверный формат}\nExpected: exist\nScreenshot: file:/Users/levvolkov/Downloads/tour-pay-gateway-tests/build/reports/tests/1743798721773.9.png\nPage source: file:/Users/levvolkov/Downloads/tour-pay-gateway-tests/build/reports/tests/1743798721773.9.html\nTimeout: 4 s.\nCaused by: NoSuchElementException: no such element: Unable to locate element: {\"method\":\"xpath\",\"selector\":\".//*/text()[normalize-space(translate(string(.), '","children":[{"name":"Система должна отклонять слишком длинное имя владельца (>50 символов)","uid":"cfb90ba8e1a7a3d0","parentUid":"c96aa4cb806b6110550a79304e0e5eec","status":"failed","time":{"start":1743798717176,"stop":1743798722155,"duration":4979},"flaky":false,"newFailed":false,"newPassed":false,"newBroken":false,"retriesCount":0,"retriesStatusChange":false,"parameters":[],"tags":[]}],"uid":"c96aa4cb806b6110550a79304e0e5eec"},{"name":"Multiple Failures (2 failures)\n\tcom.codeborne.selenide.ex.ElementNotFound: Element not found {by text: Неверный формат}\nExpected: exist\nScreenshot: file:/Users/levvolkov/Downloads/tour-pay-gateway-tests/build/reports/tests/1743798728691.10.png\nPage source: file:/Users/levvolkov/Downloads/tour-pay-gateway-tests/build/reports/tests/1743798728691.10.html\nTimeout: 4 s.\nCaused by: NoSuchElementException: no such element: Unable to locate element: {\"method\":\"xpath\",\"selector\":\".//*/text()[normalize-space(translate(string(.), '\n\torg.opentest4j.AssertionFailedError: expected: <0> but was: <1>","children":[{"name":"Система должна отклонять спецсимволы в поле владельца","uid":"b28f91ab03838839","parentUid":"e8a10bb4eb40cecb6befccaaa6a5b48c","status":"failed","time":{"start":1743798724132,"stop":1743798729052,"duration":4920},"flaky":false,"newFailed":false,"newPassed":false,"newBroken":false,"retriesCount":0,"retriesStatusChange":false,"parameters":[],"tags":[]}],"uid":"e8a10bb4eb40cecb6befccaaa6a5b48c"},{"name":"Multiple Failures (1 failure)\n\tcom.codeborne.selenide.ex.ElementNotFound: Element not found {by text: Неверный формат}\nExpected: exist\nScreenshot: file:/Users/levvolkov/Downloads/tour-pay-gateway-tests/build/reports/tests/1743798745675.11.png\nPage source: file:/Users/levvolkov/Downloads/tour-pay-gateway-tests/build/reports/tests/1743798745675.11.html\nTimeout: 4 s.\nCaused by: NoSuchElementException: no such element: Unable to locate element: {\"method\":\"xpath\",\"selector\":\".//*/text()[normalize-space(translate(string(.), '","children":[{"name":"Система должна отклонять кириллицу в поле владельца","uid":"aa9c520a68539e89","parentUid":"ddda3730634743344121b8814835fcc2","status":"failed","time":{"start":1743798741068,"stop":1743798746081,"duration":5013},"flaky":false,"newFailed":false,"newPassed":false,"newBroken":false,"retriesCount":0,"retriesStatusChange":false,"parameters":[],"tags":[]}],"uid":"ddda3730634743344121b8814835fcc2"},{"name":"Multiple Failures (1 failure)\n\tcom.codeborne.selenide.ex.ElementShould: Element should be visible (because Должно отображаться уведомление об ошибке) {.notification_status_error}\nElement: '<div class=\"notification notification_status_error notification_has-closer notification_stick-to_right notification_theme_alfa-on-white\" displayed:false></div>'\nActual value: hidden\nScreenshot: file:/Users/levvolkov/Downloads/tour-pay-gateway-tests/build/reports/tests/1743798761651.12.png\nPage source: file:/Users/levvolkov/Downloads/tour-pay-gateway-tests/build/reports/tests/1743798761651.12.html\nTimeout: 15 s.","children":[{"name":"Система должна отклонять оплату DECLINED-картой","uid":"ce64f690e8f59074","parentUid":"6e53a1430c08acf0192b7a69d4677759","status":"failed","time":{"start":1743798746085,"stop":1743798762017,"duration":15932},"flaky":false,"newFailed":false,"newPassed":false,"newBroken":false,"retriesCount":0,"retriesStatusChange":false,"parameters":[],"tags":[]}],"uid":"6e53a1430c08acf0192b7a69d4677759"},{"name":"Multiple Failures (1 failure)\n\tcom.codeborne.selenide.ex.ElementNotFound: Element not found {by text: Неверный формат}\nExpected: exist\nScreenshot: file:/Users/levvolkov/Downloads/tour-pay-gateway-tests/build/reports/tests/1743798766633.13.png\nPage source: file:/Users/levvolkov/Downloads/tour-pay-gateway-tests/build/reports/tests/1743798766633.13.html\nTimeout: 4 s.\nCaused by: NoSuchElementException: no such element: Unable to locate element: {\"method\":\"xpath\",\"selector\":\".//*/text()[normalize-space(translate(string(.), '","children":[{"name":"Система должна отклонять цифры в поле владельца","uid":"4ff2fc1f4ac52ff4","parentUid":"879bb941e16f7d53698199c726ecf0be","status":"failed","time":{"start":1743798762022,"stop":1743798766996,"duration":4974},"flaky":false,"newFailed":false,"newPassed":false,"newBroken":false,"retriesCount":0,"retriesStatusChange":false,"parameters":[],"tags":[]}],"uid":"879bb941e16f7d53698199c726ecf0be"}],"uid":"8fb3a91ba5aaf9de24cc8a92edc82b5d"}]}